2023-01-09 20:18:05,446 [INFO] Activator:178 - 


2023-01-09 20:18:05,449 [INFO] Activator:179 - !SESSION log4j initialized
2023-01-09 20:18:26,012 [INFO] RetryExec:97 - I/O exception (org.apache.http.NoHttpResponseException) caught when processing request to {s}->https://download.eclipse.org:443: The target server failed to respond
2023-01-09 20:18:26,014 [INFO] RetryExec:113 - Retrying request to {s}->https://download.eclipse.org:443
2023-01-09 20:18:27,552 [INFO] RetryExec:97 - I/O exception (org.apache.http.NoHttpResponseException) caught when processing request to {s}->https://archive.eclipse.org:443: The target server failed to respond
2023-01-09 20:18:27,553 [INFO] RetryExec:113 - Retrying request to {s}->https://archive.eclipse.org:443
2023-01-09 20:18:48,943 [INFO] ApplicationProperties:181 - Using Application install path: C:\ST\STM32CubeIDE_1.4.0\STM32CubeIDE\plugins\com.st.stm32cube.common.mx_6.0.0.202007160824
2023-01-09 20:18:48,959 [INFO] DbMcusXml:70 - Set database path to: C:\ST\STM32CubeIDE_1.4.0\STM32CubeIDE\plugins\com.st.stm32cube.common.mx_6.0.0.202007160824\\db\/mcu/
2023-01-09 20:18:48,964 [INFO] DbBoardsPdsc:56 - Set plugin database path to: C:\ST\STM32CubeIDE_1.4.0\STM32CubeIDE\plugins\com.st.stm32cube.common.mx_6.0.0.202007160824\\db\/plugins/boardmanager/
2023-01-09 20:18:48,965 [INFO] DbMcus:258 - Set plugin images path to: C:\ST\STM32CubeIDE_1.4.0\STM32CubeIDE\plugins\com.st.stm32cube.common.mx_6.0.0.202007160824\\db\/plugins/mcufinder/images/
2023-01-09 20:18:48,965 [INFO] DbBoards:264 - Set plugin images path to: C:\ST\STM32CubeIDE_1.4.0\STM32CubeIDE\plugins\com.st.stm32cube.common.mx_6.0.0.202007160824\\db\/plugins/mcufinder/images/
2023-01-09 20:18:48,968 [INFO] DbExamples:326 - Set plugin images path to: C:\ST\STM32CubeIDE_1.4.0\STM32CubeIDE\plugins\com.st.stm32cube.common.mx_6.0.0.202007160824\\db\/plugins/mcufinder/images/
2023-01-09 20:18:48,979 [INFO] DbMcusDocs:112 - Set database path to: C:\Users\youssef's\.stmcufinder\plugins\mcufinder//mcu/
2023-01-09 20:18:48,982 [INFO] DbMcusJson:63 - Set database path to: C:\Users\youssef's\.stmcufinder\plugins\mcufinder//mcu/
2023-01-09 20:18:48,983 [INFO] DbBoardsDocs:112 - Set database path to: C:\Users\youssef's\.stmcufinder\plugins\mcufinder//mcu/
2023-01-09 20:18:48,985 [INFO] DbBoardsJson:56 - Set database path to: C:\Users\youssef's\.stmcufinder\plugins\mcufinder//mcu/
2023-01-09 20:18:51,555 [INFO] CrossReferenceDbSqlite:196 - Set database path to: C:\Users\youssef's\.stmcufinder\plugins\mcufinder//mcu/cs/
2023-01-09 20:18:51,560 [INFO] DbExamplesSqlite:800 - Set database path to: C:\Users\youssef's\.stmcufinder\plugins\mcufinder//mcu/
2023-01-09 20:18:51,705 [INFO] RulesReader:52 - Compatibility file has been processed (209 Rules)
2023-01-09 20:18:51,840 [INFO] MicroXplorer:564 - Detected Java Version = 1.8.0_252
2023-01-09 20:18:51,841 [INFO] DbMcusXml:70 - Set database path to: C:\ST\STM32CubeIDE_1.4.0\STM32CubeIDE\plugins\com.st.stm32cube.common.mx_6.0.0.202007160824\\db\/mcu/
2023-01-09 20:18:51,841 [INFO] DbBoardsPdsc:56 - Set plugin database path to: C:\ST\STM32CubeIDE_1.4.0\STM32CubeIDE\plugins\com.st.stm32cube.common.mx_6.0.0.202007160824\\db\/plugins/boardmanager/
2023-01-09 20:18:51,842 [INFO] DbMcus:258 - Set plugin images path to: C:\ST\STM32CubeIDE_1.4.0\STM32CubeIDE\plugins\com.st.stm32cube.common.mx_6.0.0.202007160824\\db\/plugins/mcufinder/images/
2023-01-09 20:18:51,842 [INFO] DbBoards:264 - Set plugin images path to: C:\ST\STM32CubeIDE_1.4.0\STM32CubeIDE\plugins\com.st.stm32cube.common.mx_6.0.0.202007160824\\db\/plugins/mcufinder/images/
2023-01-09 20:18:51,842 [INFO] DbExamples:326 - Set plugin images path to: C:\ST\STM32CubeIDE_1.4.0\STM32CubeIDE\plugins\com.st.stm32cube.common.mx_6.0.0.202007160824\\db\/plugins/mcufinder/images/
2023-01-09 20:18:51,843 [WARN] DbFile:36 - Overriding database path with different value: C:\Users\youssef's\.stmcufinder\plugins\mcufinder/ => C:\Users\youssef's\.stmcufinder\plugins\mcufinder
2023-01-09 20:18:51,843 [INFO] DbMcusDocs:112 - Set database path to: C:\Users\youssef's\.stmcufinder\plugins\mcufinder//mcu/
2023-01-09 20:18:51,843 [WARN] DbFile:36 - Overriding database path with different value: C:\Users\youssef's\.stmcufinder\plugins\mcufinder/ => C:\Users\youssef's\.stmcufinder\plugins\mcufinder
2023-01-09 20:18:51,843 [INFO] DbMcusJson:63 - Set database path to: C:\Users\youssef's\.stmcufinder\plugins\mcufinder//mcu/
2023-01-09 20:18:51,843 [WARN] DbFile:36 - Overriding database path with different value: C:\Users\youssef's\.stmcufinder\plugins\mcufinder/ => C:\Users\youssef's\.stmcufinder\plugins\mcufinder
2023-01-09 20:18:51,844 [INFO] DbBoardsDocs:112 - Set database path to: C:\Users\youssef's\.stmcufinder\plugins\mcufinder//mcu/
2023-01-09 20:18:51,844 [WARN] DbFile:36 - Overriding database path with different value: C:\Users\youssef's\.stmcufinder\plugins\mcufinder/ => C:\Users\youssef's\.stmcufinder\plugins\mcufinder
2023-01-09 20:18:51,844 [INFO] DbBoardsJson:56 - Set database path to: C:\Users\youssef's\.stmcufinder\plugins\mcufinder//mcu/
2023-01-09 20:18:51,844 [WARN] DbFile:36 - Overriding database path with different value: C:\Users\youssef's\.stmcufinder\plugins\mcufinder/ => C:\Users\youssef's\.stmcufinder\plugins\mcufinder
2023-01-09 20:18:51,844 [WARN] DbFile:36 - Overriding database path with different value: C:\Users\youssef's\.stmcufinder\plugins\mcufinder/ => C:\Users\youssef's\.stmcufinder\plugins\mcufinder
2023-01-09 20:18:51,844 [INFO] CrossReferenceDbSqlite:196 - Set database path to: C:\Users\youssef's\.stmcufinder\plugins\mcufinder//mcu/cs/
2023-01-09 20:18:51,845 [WARN] DbFile:36 - Overriding database path with different value: C:\Users\youssef's\.stmcufinder\plugins\mcufinder/ => C:\Users\youssef's\.stmcufinder\plugins\mcufinder
2023-01-09 20:18:51,845 [INFO] DbExamplesSqlite:800 - Set database path to: C:\Users\youssef's\.stmcufinder\plugins\mcufinder//mcu/
2023-01-09 20:18:51,936 [INFO] MainPanel:189 - HeapMemory: 268435456
2023-01-09 20:18:52,036 [INFO] DbMcusXml:70 - Set database path to: C:\ST\STM32CubeIDE_1.4.0\STM32CubeIDE\plugins\com.st.stm32cube.common.mx_6.0.0.202007160824\\db\/mcu/
2023-01-09 20:18:52,036 [INFO] DbBoardsPdsc:56 - Set plugin database path to: C:\ST\STM32CubeIDE_1.4.0\STM32CubeIDE\plugins\com.st.stm32cube.common.mx_6.0.0.202007160824\\db\/plugins/boardmanager/
2023-01-09 20:18:52,036 [INFO] DbMcus:258 - Set plugin images path to: C:\ST\STM32CubeIDE_1.4.0\STM32CubeIDE\plugins\com.st.stm32cube.common.mx_6.0.0.202007160824\\db\/plugins/mcufinder/images/
2023-01-09 20:18:52,036 [INFO] DbBoards:264 - Set plugin images path to: C:\ST\STM32CubeIDE_1.4.0\STM32CubeIDE\plugins\com.st.stm32cube.common.mx_6.0.0.202007160824\\db\/plugins/mcufinder/images/
2023-01-09 20:18:52,037 [INFO] DbExamples:326 - Set plugin images path to: C:\ST\STM32CubeIDE_1.4.0\STM32CubeIDE\plugins\com.st.stm32cube.common.mx_6.0.0.202007160824\\db\/plugins/mcufinder/images/
2023-01-09 20:18:52,037 [WARN] DbFile:36 - Overriding database path with different value: C:\Users\youssef's\.stmcufinder\plugins\mcufinder/ => C:\Users\youssef's\.stmcufinder\plugins\mcufinder
2023-01-09 20:18:52,038 [INFO] DbMcusDocs:112 - Set database path to: C:\Users\youssef's\.stmcufinder\plugins\mcufinder//mcu/
2023-01-09 20:18:52,038 [WARN] DbFile:36 - Overriding database path with different value: C:\Users\youssef's\.stmcufinder\plugins\mcufinder/ => C:\Users\youssef's\.stmcufinder\plugins\mcufinder
2023-01-09 20:18:52,038 [INFO] DbMcusJson:63 - Set database path to: C:\Users\youssef's\.stmcufinder\plugins\mcufinder//mcu/
2023-01-09 20:18:52,038 [WARN] DbFile:36 - Overriding database path with different value: C:\Users\youssef's\.stmcufinder\plugins\mcufinder/ => C:\Users\youssef's\.stmcufinder\plugins\mcufinder
2023-01-09 20:18:52,038 [INFO] DbBoardsDocs:112 - Set database path to: C:\Users\youssef's\.stmcufinder\plugins\mcufinder//mcu/
2023-01-09 20:18:52,039 [WARN] DbFile:36 - Overriding database path with different value: C:\Users\youssef's\.stmcufinder\plugins\mcufinder/ => C:\Users\youssef's\.stmcufinder\plugins\mcufinder
2023-01-09 20:18:52,039 [INFO] DbBoardsJson:56 - Set database path to: C:\Users\youssef's\.stmcufinder\plugins\mcufinder//mcu/
2023-01-09 20:18:52,039 [WARN] DbFile:36 - Overriding database path with different value: C:\Users\youssef's\.stmcufinder\plugins\mcufinder/ => C:\Users\youssef's\.stmcufinder\plugins\mcufinder
2023-01-09 20:18:52,039 [WARN] DbFile:36 - Overriding database path with different value: C:\Users\youssef's\.stmcufinder\plugins\mcufinder/ => C:\Users\youssef's\.stmcufinder\plugins\mcufinder
2023-01-09 20:18:52,039 [INFO] CrossReferenceDbSqlite:196 - Set database path to: C:\Users\youssef's\.stmcufinder\plugins\mcufinder//mcu/cs/
2023-01-09 20:18:52,040 [WARN] DbFile:36 - Overriding database path with different value: C:\Users\youssef's\.stmcufinder\plugins\mcufinder/ => C:\Users\youssef's\.stmcufinder\plugins\mcufinder
2023-01-09 20:18:52,040 [INFO] DbExamplesSqlite:800 - Set database path to: C:\Users\youssef's\.stmcufinder\plugins\mcufinder//mcu/
2023-01-09 20:18:52,081 [INFO] ApplicationProperties:181 - Using Application install path: C:\ST\STM32CubeIDE_1.4.0\STM32CubeIDE\plugins\com.st.stm32cube.common.mx_6.0.0.202007160824
2023-01-09 20:18:52,084 [INFO] PluginManage:178 - Search for loadable plugins [exclusion list=, ]
2023-01-09 20:18:52,086 [INFO] PluginManage:292 - Check plugin analytics
2023-01-09 20:18:52,287 [INFO] AnalyticsPlugin:203 - Accepted Software Licenses: 
2023-01-09 20:18:52,288 [INFO] AnalyticsPlugin:205 - Accepted CMSIS Pack Licenses: 
2023-01-09 20:18:52,288 [INFO] AnalyticsPlugin:207 - Accepted Firmware Licenses: 
2023-01-09 20:18:52,289 [INFO] PluginManage:342 - Loaded plugin analytics (category:tool,tabindex:-1)
2023-01-09 20:18:52,289 [INFO] PluginManage:292 - Check plugin clock
2023-01-09 20:18:52,320 [INFO] PluginManage:342 - Loaded plugin clock (category:base,tabindex:2)
2023-01-09 20:18:52,321 [INFO] PluginManage:292 - Check plugin ddr
2023-01-09 20:18:52,324 [INFO] PluginManage:342 - Loaded plugin ddr (category:tool,tabindex:6)
2023-01-09 20:18:52,324 [INFO] PluginManage:292 - Check plugin filemanager
2023-01-09 20:18:52,478 [INFO] PluginManage:342 - Loaded plugin filemanager (category:base,tabindex:10)
2023-01-09 20:18:52,478 [INFO] PluginManage:292 - Check plugin ipmanager
2023-01-09 20:18:52,490 [INFO] PluginManage:342 - Loaded plugin ipmanager (category:base,tabindex:5)
2023-01-09 20:18:52,491 [INFO] PluginManage:292 - Check plugin pinoutandconfiguration
2023-01-09 20:18:52,928 [INFO] PluginManage:342 - Loaded plugin pinoutandconfiguration (category:base,tabindex:1)
2023-01-09 20:18:52,929 [INFO] PluginManage:292 - Check plugin pinoutconfig
2023-01-09 20:18:53,339 [INFO] PluginManage:342 - Loaded plugin pinoutconfig (category:base,tabindex:0)
2023-01-09 20:18:53,339 [INFO] PluginManage:292 - Check plugin power
2023-01-09 20:18:53,364 [INFO] PluginManage:342 - Loaded plugin power (category:power,tabindex:4)
2023-01-09 20:18:53,365 [INFO] PluginManage:292 - Check plugin projectmanager
2023-01-09 20:18:53,384 [INFO] PluginManage:342 - Loaded plugin projectmanager (category:projectmanager,tabindex:3)
2023-01-09 20:18:53,385 [INFO] PluginManage:292 - Check plugin thirdparty
2023-01-09 20:18:53,593 [INFO] ThirdPartyDb:333 - Open Third Party DataBase File (C:/Users/youssef's/.stm32cubemx/plugins/thirdparty/db/thirdparties_db.xml) : 67 ms. number of Sw pack : 33
2023-01-09 20:18:53,600 [INFO] PluginManage:342 - Loaded plugin thirdparty (category:base,tabindex:-1)
2023-01-09 20:18:53,600 [INFO] PluginManage:292 - Check plugin tools
2023-01-09 20:18:53,694 [INFO] PluginManage:342 - Loaded plugin tools (category:base,tabindex:7)
2023-01-09 20:18:53,695 [INFO] PluginManage:292 - Check plugin tutovideos
2023-01-09 20:18:54,090 [INFO] PluginManage:342 - Loaded plugin tutovideos (category:base,tabindex:-1)
2023-01-09 20:18:54,090 [INFO] PluginManage:292 - Check plugin updater
2023-01-09 20:18:54,106 [INFO] PluginManage:342 - Loaded plugin updater (category:base,tabindex:12)
2023-01-09 20:18:54,107 [INFO] PluginManage:265 - PluginManage : Loaded plugins [13]
2023-01-09 20:18:54,346 [INFO] PinOutPanel:1418 - setPackage(No Configuration,No Configuration)
2023-01-09 20:18:54,610 [INFO] IPUIPlugin:64 - create IPUIPlugin
2023-01-09 20:18:54,610 [INFO] PluginManager:200 - loadIPPluginJar : add adc
2023-01-09 20:18:54,662 [INFO] IPUIPlugin:64 - create IPUIPlugin
2023-01-09 20:18:54,663 [INFO] PluginManager:200 - loadIPPluginJar : add aes
2023-01-09 20:18:54,733 [INFO] IPUIPlugin:64 - create IPUIPlugin
2023-01-09 20:18:54,733 [INFO] PluginManager:200 - loadIPPluginJar : add can
2023-01-09 20:18:54,765 [INFO] IPUIPlugin:64 - create IPUIPlugin
2023-01-09 20:18:54,765 [INFO] PluginManager:200 - loadIPPluginJar : add comp
2023-01-09 20:18:54,816 [INFO] IPUIPlugin:64 - create IPUIPlugin
2023-01-09 20:18:54,816 [INFO] PluginManager:200 - loadIPPluginJar : add cryp
2023-01-09 20:18:54,863 [INFO] IPUIPlugin:64 - create IPUIPlugin
2023-01-09 20:18:54,864 [INFO] PluginManager:200 - loadIPPluginJar : add dfsdm
2023-01-09 20:18:54,996 [INFO] IPUIPlugin:64 - create IPUIPlugin
2023-01-09 20:18:54,997 [INFO] PluginManager:200 - loadIPPluginJar : add dma
2023-01-09 20:18:55,027 [INFO] IPUIPlugin:64 - create IPUIPlugin
2023-01-09 20:18:55,027 [INFO] PluginManager:200 - loadIPPluginJar : add fatfs
2023-01-09 20:18:55,126 [INFO] IPUIPlugin:64 - create IPUIPlugin
2023-01-09 20:18:55,126 [INFO] PluginManager:200 - loadIPPluginJar : add fmc
2023-01-09 20:18:55,612 [INFO] IPUIPlugin:64 - create IPUIPlugin
2023-01-09 20:18:55,613 [INFO] PluginManager:200 - loadIPPluginJar : add freertos
2023-01-09 20:18:55,641 [INFO] IPUIPlugin:64 - create IPUIPlugin
2023-01-09 20:18:55,642 [INFO] PluginManager:200 - loadIPPluginJar : add genericplugin
2023-01-09 20:18:55,789 [INFO] IPUIPlugin:64 - create IPUIPlugin
2023-01-09 20:18:55,789 [INFO] PluginManager:200 - loadIPPluginJar : add gfxmmu
2023-01-09 20:18:55,987 [INFO] IPUIPlugin:64 - create IPUIPlugin
2023-01-09 20:18:55,987 [INFO] PluginManager:200 - loadIPPluginJar : add gic
2023-01-09 20:18:56,167 [INFO] IPUIPlugin:64 - create IPUIPlugin
2023-01-09 20:18:56,167 [INFO] PluginManager:200 - loadIPPluginJar : add gpio
2023-01-09 20:18:56,284 [INFO] IPUIPlugin:64 - create IPUIPlugin
2023-01-09 20:18:56,284 [INFO] PluginManager:200 - loadIPPluginJar : add gtzc
2023-01-09 20:18:56,330 [INFO] IPUIPlugin:64 - create IPUIPlugin
2023-01-09 20:18:56,331 [INFO] PluginManager:200 - loadIPPluginJar : add hash
2023-01-09 20:18:56,419 [INFO] IPUIPlugin:64 - create IPUIPlugin
2023-01-09 20:18:56,420 [INFO] PluginManager:200 - loadIPPluginJar : add i2c
2023-01-09 20:18:56,474 [INFO] IPUIPlugin:64 - create IPUIPlugin
2023-01-09 20:18:56,474 [INFO] PluginManager:200 - loadIPPluginJar : add i2s
2023-01-09 20:18:56,595 [INFO] IPUIPlugin:64 - create IPUIPlugin
2023-01-09 20:18:56,596 [INFO] PluginManager:200 - loadIPPluginJar : add ipddr
2023-01-09 20:18:56,655 [INFO] IPUIPlugin:64 - create IPUIPlugin
2023-01-09 20:18:56,656 [INFO] PluginManager:200 - loadIPPluginJar : add ltdc
2023-01-09 20:18:56,811 [INFO] IPUIPlugin:64 - create IPUIPlugin
2023-01-09 20:18:56,812 [INFO] PluginManager:200 - loadIPPluginJar : add mdma
2023-01-09 20:18:57,007 [INFO] IPUIPlugin:64 - create IPUIPlugin
2023-01-09 20:18:57,007 [INFO] PluginManager:200 - loadIPPluginJar : add nvic
2023-01-09 20:18:57,065 [INFO] IPUIPlugin:64 - create IPUIPlugin
2023-01-09 20:18:57,065 [INFO] PluginManager:200 - loadIPPluginJar : add opamp
2023-01-09 20:18:57,171 [INFO] IPUIPlugin:64 - create IPUIPlugin
2023-01-09 20:18:57,172 [INFO] PluginManager:200 - loadIPPluginJar : add openamp
2023-01-09 20:18:57,244 [INFO] IPUIPlugin:64 - create IPUIPlugin
2023-01-09 20:18:57,245 [INFO] PluginManager:200 - loadIPPluginJar : add pdm2pcm
2023-01-09 20:18:57,383 [INFO] IPUIPlugin:64 - create IPUIPlugin
2023-01-09 20:18:57,387 [INFO] PluginManager:200 - loadIPPluginJar : add plateformsettings
2023-01-09 20:18:57,418 [INFO] IPUIPlugin:64 - create IPUIPlugin
2023-01-09 20:18:57,418 [INFO] PluginManager:200 - loadIPPluginJar : add quadspi
2023-01-09 20:18:57,538 [INFO] IPUIPlugin:64 - create IPUIPlugin
2023-01-09 20:18:57,538 [INFO] PluginManager:200 - loadIPPluginJar : add resmgrutility
2023-01-09 20:18:57,646 [INFO] IPUIPlugin:64 - create IPUIPlugin
2023-01-09 20:18:57,647 [INFO] PluginManager:200 - loadIPPluginJar : add sai
2023-01-09 20:18:57,714 [INFO] IPUIPlugin:64 - create IPUIPlugin
2023-01-09 20:18:57,714 [INFO] PluginManager:200 - loadIPPluginJar : add spi
2023-01-09 20:18:57,805 [INFO] IPUIPlugin:64 - create IPUIPlugin
2023-01-09 20:18:57,806 [INFO] PluginManager:200 - loadIPPluginJar : add stm32_wpan
2023-01-09 20:18:57,837 [INFO] IPUIPlugin:64 - create IPUIPlugin
2023-01-09 20:18:57,837 [INFO] PluginManager:200 - loadIPPluginJar : add tim
2023-01-09 20:18:57,968 [INFO] IPUIPlugin:64 - create IPUIPlugin
2023-01-09 20:18:57,968 [INFO] PluginManager:200 - loadIPPluginJar : add touchsensing
2023-01-09 20:18:58,000 [INFO] IPUIPlugin:64 - create IPUIPlugin
2023-01-09 20:18:58,000 [INFO] PluginManager:200 - loadIPPluginJar : add tracer_emb
2023-01-09 20:18:58,031 [INFO] IPUIPlugin:64 - create IPUIPlugin
2023-01-09 20:18:58,032 [INFO] PluginManager:200 - loadIPPluginJar : add ts
2023-01-09 20:18:58,061 [INFO] IPUIPlugin:64 - create IPUIPlugin
2023-01-09 20:18:58,061 [INFO] PluginManager:200 - loadIPPluginJar : add tsc
2023-01-09 20:18:58,092 [INFO] IPUIPlugin:64 - create IPUIPlugin
2023-01-09 20:18:58,093 [INFO] PluginManager:200 - loadIPPluginJar : add ucpd
2023-01-09 20:18:58,173 [INFO] IPUIPlugin:64 - create IPUIPlugin
2023-01-09 20:18:58,173 [INFO] PluginManager:200 - loadIPPluginJar : add usart
2023-01-09 20:18:58,839 [INFO] CubeProgrammer:457 - [DDR PANEL] - PathOfProgrammer: null
2023-01-09 20:18:59,890 [FATAL] Updater:282 - Updater called before beeing initialized
2023-01-09 20:19:00,189 [FATAL] Updater:282 - Updater called before beeing initialized
2023-01-09 20:19:00,189 [WARN] ThirdParty:775 - waiting for thirdparty lock release [close project]
2023-01-09 20:19:00,189 [INFO] ThirdParty:777 - entering critical section [close project]
2023-01-09 20:19:00,191 [INFO] ThirdParty:790 - exiting critical section [close project]
2023-01-09 20:19:00,195 [INFO] PinOutPanel:1418 - setPackage(No Configuration,No Configuration)
2023-01-09 20:19:00,196 [FATAL] Updater:282 - Updater called before beeing initialized
2023-01-09 20:19:00,212 [ERROR] Updater:967 - MainUpdater not yet initialized. External WinMGr cannot be set.
2023-01-09 20:19:00,213 [INFO] CubeProgrammer:457 - [DDR PANEL] - PathOfProgrammer: C:\ST\STM32CubeIDE_1.4.0\STM32CubeIDE\plugins\com.st.stm32cube.ide.mcu.externaltools.cubeprogrammer.win32_1.4.0.202007081208\tools\bin
2023-01-09 20:19:00,218 [INFO] ProgrammerExecThread:148 - [ProgrammerAPI] CubeProgrammer command construction: C:\ST\STM32CubeIDE_1.4.0\STM32CubeIDE\plugins\com.st.stm32cube.ide.mcu.externaltools.cubeprogrammer.win32_1.4.0.202007081208\tools\bin\STM32_Programmer_CLI.exe -l
2023-01-09 20:19:00,520 [INFO] MainDdrPanel:49 - [DDR PANEL] SETTER - Set cubeProgrammerPath to: C:\ST\STM32CubeIDE_1.4.0\STM32CubeIDE\plugins\com.st.stm32cube.ide.mcu.externaltools.cubeprogrammer.win32_1.4.0.202007081208\tools\bin
2023-01-09 20:19:00,754 [INFO] Updater:904 - Updater Version found : 6.0.0
2023-01-09 20:19:00,786 [INFO] ApplicationProperties:181 - Using Application install path: C:\ST\STM32CubeIDE_1.4.0\STM32CubeIDE\plugins\com.st.stm32cube.common.mx_6.0.0.202007160824
2023-01-09 20:19:03,921 [INFO] MainUpdater:2268 - connection check result : 10
2023-01-09 20:19:03,922 [INFO] MainUpdater:239 - Updater Check For Update Now.
2023-01-09 20:19:03,922 [INFO] MicroXplorer:414 - Change Database Version : DB.6.0.0
2023-01-09 20:19:04,014 [INFO] CheckServerUpdateThread:102 - End of CheckServer Thread
2023-01-09 20:19:04,065 [INFO] MainUpdater:2268 - connection check result : 10
2023-01-09 20:19:04,730 [INFO] ServerAccessManage:348 - Download File mcusDocs.json._tmp_
2023-01-09 20:19:05,605 [WARN] IntegrityCheckThread:61 - waiting for thirdparty lock release [integrity check]
2023-01-09 20:19:05,605 [INFO] IntegrityCheckThread:63 - entering critical section [integrity check]
2023-01-09 20:19:05,605 [WARN] MainUpdater:1087 - Updater busy. Cannot search thirdparties
2023-01-09 20:19:06,453 [INFO] LoadUrlFilesThread:135 - End of LoadUrlFiles Thread
2023-01-09 20:19:06,599 [INFO] ServerAccessManage:348 - Download File mcusFeaturesAndDescription.json._tmp_
2023-01-09 20:19:08,606 [WARN] MainUpdater:1087 - Updater busy. Cannot search thirdparties
2023-01-09 20:19:11,607 [WARN] MainUpdater:1087 - Updater busy. Cannot search thirdparties
2023-01-09 20:19:14,608 [WARN] MainUpdater:1087 - Updater busy. Cannot search thirdparties
2023-01-09 20:19:17,609 [WARN] MainUpdater:1087 - Updater busy. Cannot search thirdparties
2023-01-09 20:19:20,610 [WARN] MainUpdater:1087 - Updater busy. Cannot search thirdparties
2023-01-09 20:19:23,611 [WARN] MainUpdater:1087 - Updater busy. Cannot search thirdparties
2023-01-09 20:19:26,612 [WARN] MainUpdater:1087 - Updater busy. Cannot search thirdparties
2023-01-09 20:19:29,613 [WARN] MainUpdater:1087 - Updater busy. Cannot search thirdparties
2023-01-09 20:19:32,614 [WARN] MainUpdater:1087 - Updater busy. Cannot search thirdparties
2023-01-09 20:19:35,615 [WARN] MainUpdater:1087 - Updater busy. Cannot search thirdparties
2023-01-09 20:19:38,616 [WARN] MainUpdater:1087 - Updater busy. Cannot search thirdparties
2023-01-09 20:19:41,617 [WARN] MainUpdater:1087 - Updater busy. Cannot search thirdparties
2023-01-09 20:19:43,572 [INFO] LoadUrlFilesThread:135 - End of LoadUrlFiles Thread
2023-01-09 20:19:43,723 [INFO] ServerAccessManage:348 - Download File boardsDocs.json._tmp_
2023-01-09 20:19:43,872 [INFO] LoadUrlFilesThread:135 - End of LoadUrlFiles Thread
2023-01-09 20:19:43,991 [INFO] ServerAccessManage:348 - Download File boards.json._tmp_
2023-01-09 20:19:44,618 [WARN] MainUpdater:1087 - Updater busy. Cannot search thirdparties
2023-01-09 20:19:45,631 [INFO] LoadUrlFilesThread:135 - End of LoadUrlFiles Thread
2023-01-09 20:19:46,275 [INFO] ServerAccessManage:348 - Download File cube-finder-db.zip
2023-01-09 20:19:47,619 [WARN] MainUpdater:1087 - Updater busy. Cannot search thirdparties
2023-01-09 20:19:50,620 [ERROR] IntegrityCheckThread:67 - Unexpected exception IntegrityCheckThread Thread:
2023-01-09 20:19:50,620 [ERROR] IntegrityCheckThread:70 - java.lang.Exception: Updater error
	at com.st.microxplorer.plugins.thirdparty.engine.IntegrityCheckThread.getUpdaterThirdPartyList(IntegrityCheckThread.java:296)
	at com.st.microxplorer.plugins.thirdparty.engine.IntegrityCheckThread.runProcess(IntegrityCheckThread.java:84)
	at com.st.microxplorer.plugins.thirdparty.engine.IntegrityCheckThread.run(IntegrityCheckThread.java:65)

2023-01-09 20:19:50,620 [INFO] ThirdPartyDb:299 - Save Third Party DataBase File (C:/Users/youssef's/.stm32cubemx/plugins/thirdparty/db/thirdparties_db.xml) [forced]
2023-01-09 20:19:50,727 [INFO] IntegrityCheckThread:76 - exiting critical section [integrity check]
2023-01-09 20:19:50,728 [INFO] IntegrityCheckThread:79 - End integrity checks thread
2023-01-09 20:21:44,535 [INFO] FileExtend:225 - Unzip File : cube-finder-db.zip
2023-01-09 20:21:44,536 [INFO] FileExtend:240 - Standard Zip Deflate
2023-01-09 20:21:46,435 [INFO] LoadUrlFilesThread:135 - End of LoadUrlFiles Thread
2023-01-09 20:21:50,794 [INFO] ServerAccessManage:348 - Download File crdb.zip
2023-01-09 20:22:05,652 [INFO] FileExtend:225 - Unzip File : crdb.zip
2023-01-09 20:22:05,654 [INFO] FileExtend:240 - Standard Zip Deflate
2023-01-09 20:22:05,689 [INFO] LoadUrlFilesThread:135 - End of LoadUrlFiles Thread
2023-01-09 20:22:06,230 [INFO] ServerAccessManage:348 - Download File tutoVideoDB.zip
2023-01-09 20:22:07,382 [INFO] FileExtend:225 - Unzip File : tutoVideoDB.zip
2023-01-09 20:22:07,384 [INFO] FileExtend:240 - Standard Zip Deflate
2023-01-09 20:22:07,401 [INFO] LoadUrlFilesThread:135 - End of LoadUrlFiles Thread
2023-01-09 20:22:07,444 [INFO] DbMcusDocs:145 - JSON generation date=Tue Nov 16 18:17:54 EET 2021 (1637079474)
2023-01-09 20:22:07,455 [INFO] DbMcusXml:100 - Load MCU database from C:\ST\STM32CubeIDE_1.4.0\STM32CubeIDE\plugins\com.st.stm32cube.common.mx_6.0.0.202007160824\\db\/mcu/families.xml
2023-01-09 20:22:08,445 [INFO] DbMcusJson:92 - JSON generation date=Tue Nov 16 18:17:54 EET 2021 (1637079474)
2023-01-09 20:22:09,440 [INFO] DbMcus:175 - Found 1761 MCUs (1722 are supported by CubeMX, 1911 are visible in CubeMX)
2023-01-09 20:22:09,440 [INFO] ApiDb:192 - User favorites file not found: C:\Users\youssef's/.stm32cubemx/favorites.mcus.txt
2023-01-09 20:22:09,440 [INFO] DbMcus:187 - Set 0 / 0 favorites MCUs
2023-01-09 20:22:09,707 [INFO] DbMcusDocs:81 - Found 682 MCUs documents
2023-01-09 20:22:09,710 [INFO] ApiDb:226 - Save user favorites file C:\Users\youssef's/.stm32cubemx/favorites.mcus.txt: 0 item(s)
2023-01-09 20:22:09,710 [INFO] ApiDb:230 - User favorites MCUs=[]
2023-01-09 20:22:09,710 [INFO] DbMcusXml:100 - Load MCU database from C:\ST\STM32CubeIDE_1.4.0\STM32CubeIDE\plugins\com.st.stm32cube.common.mx_6.0.0.202007160824\\db\/mcu/families.xml
2023-01-09 20:22:10,256 [INFO] DbMcusJson:92 - JSON generation date=Tue Nov 16 18:17:54 EET 2021 (1637079474)
2023-01-09 20:22:11,014 [INFO] DbMcus:175 - Found 1761 MCUs (1722 are supported by CubeMX, 1911 are visible in CubeMX)
2023-01-09 20:22:11,015 [INFO] ApiDb:201 - Load user favorites file C:\Users\youssef's/.stm32cubemx/favorites.mcus.txt: 0 item(s)
2023-01-09 20:22:11,015 [INFO] ApiDb:205 - User favorites MCUs=[]
2023-01-09 20:22:11,015 [INFO] DbMcus:187 - Set 0 / 0 favorites MCUs
2023-01-09 20:22:11,022 [INFO] DbBoardsDocs:145 - JSON generation date=Tue Nov 16 18:17:54 EET 2021 (1637079474)
2023-01-09 20:22:11,049 [INFO] DbBoardsPdsc:94 - Found 23 items
2023-01-09 20:22:11,058 [INFO] DbBoardsPdsc:94 - Found 9 items
2023-01-09 20:22:11,070 [INFO] DbBoardsPdsc:94 - Found 29 items
2023-01-09 20:22:11,078 [INFO] DbBoardsPdsc:94 - Found 1 items
2023-01-09 20:22:11,098 [INFO] DbBoardsPdsc:94 - Found 44 items
2023-01-09 20:22:11,118 [INFO] DbBoardsPdsc:94 - Found 40 items
2023-01-09 20:22:11,126 [INFO] DbBoardsPdsc:94 - Found 2 items
2023-01-09 20:22:11,135 [INFO] DbBoardsPdsc:94 - Found 4 items
2023-01-09 20:22:11,141 [WARN] DbBoardsPdsc:258 - Board STM32H7B3I-DK: unknown feature type=Audio, name=, username=Audio stereo codec with Headphone Amp (CS42L51-CNZ), n=1
2023-01-09 20:22:11,142 [WARN] DbBoardsPdsc:258 - Board STM32H735G-DK: unknown feature type=Audio, name=, username=Audio stereo codec with Headphone Amp (WM8994ECS/R), n=1
2023-01-09 20:22:11,144 [WARN] DbBoardsPdsc:258 - Board STM32H7B3I-EVAL: unknown feature type=Audio, name=, username=Multi-Channel Audio Codec (CS42L51-CNZ), n=1
2023-01-09 20:22:11,144 [WARN] DbBoardsPdsc:258 - Board STM32H7B3I-EVAL: unknown feature type=Meter, name=, username=Power-metering and Temperature-monitoring with sigma-delta modulators, n=1
2023-01-09 20:22:11,144 [WARN] DbBoardsPdsc:258 - Board STM32H7B3I-EVAL: unknown feature type=Motor, name=, username=Motor Control, n=1
2023-01-09 20:22:11,171 [INFO] DbBoardsJson:85 - JSON generation date=Tue Nov 16 18:17:54 EET 2021 (1637079474)
2023-01-09 20:22:11,181 [INFO] DbBoards:117 - Found 166 boards (149 are supported by CubeMX)
2023-01-09 20:22:11,183 [INFO] DbBoardsDocs:145 - JSON generation date=Tue Nov 16 18:17:54 EET 2021 (1637079474)
2023-01-09 20:22:11,188 [INFO] DbBoardsDocs:81 - Found 209 boards documents
2023-01-09 20:22:11,190 [WARN] DbBoards:127 - board B-L475E-IOT01A2 has no document id list !
2023-01-09 20:22:11,191 [WARN] DbBoards:127 - board NUCLEO-H743ZI has no document id list !
2023-01-09 20:22:11,193 [WARN] DbBoards:127 - board P-NUCLEO-WB55-Nucleo has no document id list !
2023-01-09 20:22:11,193 [WARN] DbBoards:127 - board P-NUCLEO-WB55-USBDongle has no document id list !
2023-01-09 20:22:11,194 [WARN] DbBoards:127 - board STEVAL-BFA001V1B has no document id list !
2023-01-09 20:22:11,194 [WARN] DbBoards:127 - board STEVAL-BFA001V2B has no document id list !
2023-01-09 20:22:11,194 [WARN] DbBoards:127 - board STEVAL-IDP005V1 has no document id list !
2023-01-09 20:22:11,194 [WARN] DbBoards:127 - board STEVAL-IDP005V2 has no document id list !
2023-01-09 20:22:11,194 [WARN] DbBoards:127 - board STEVAL-MKSBOX1V1 has no document id list !
2023-01-09 20:22:11,194 [WARN] DbBoards:127 - board STEVAL-STWINKT1 has no document id list !
2023-01-09 20:22:11,194 [WARN] DbBoards:127 - board STEVAL-STWINKT1B has no document id list !
2023-01-09 20:22:11,195 [WARN] DbBoards:127 - board STM32439I-EVAL2 has no document id list !
2023-01-09 20:22:11,195 [WARN] DbBoards:127 - board STM32F401C-DISCO has no document id list !
2023-01-09 20:22:11,196 [WARN] DbBoards:127 - board STM32F769I-DISC1 has no document id list !
2023-01-09 20:22:11,196 [WARN] DbBoards:127 - board STM32G474E-EVAL1 has no document id list !
2023-01-09 20:22:11,196 [WARN] DbBoards:127 - board STM32H743I-EVAL2 has no document id list !
2023-01-09 20:22:11,197 [WARN] DbBoards:127 - board STM32H747I-DISC1 has no document id list !
2023-01-09 20:22:11,197 [WARN] DbBoards:127 - board STM32H753I-EVAL2 has no document id list !
2023-01-09 20:22:11,197 [WARN] DbBoards:127 - board STM32L-DISCOVERY has no document id list !
2023-01-09 20:22:11,364 [ERROR] DbBoards:189 - Image file not found for board B-L462E-CELL1: C:\ST\STM32CubeIDE_1.4.0\STM32CubeIDE\plugins\com.st.stm32cube.common.mx_6.0.0.202007160824\\db\/plugins/mcufinder/images/boards/B-L462E-CELL1_small.jpg
2023-01-09 20:22:11,429 [ERROR] DbBoards:189 - Image file not found for board B-U585I-IOT02A: C:\ST\STM32CubeIDE_1.4.0\STM32CubeIDE\plugins\com.st.stm32cube.common.mx_6.0.0.202007160824\\db\/plugins/mcufinder/images/boards/B-U585I-IOT02A_small.jpg
2023-01-09 20:22:11,557 [ERROR] DbBoards:189 - Image file not found for board NUCLEO-F413ZH: C:\ST\STM32CubeIDE_1.4.0\STM32CubeIDE\plugins\com.st.stm32cube.common.mx_6.0.0.202007160824\\db\/plugins/mcufinder/images/boards/nucleo-f413zh_small.jpg
2023-01-09 20:22:11,749 [ERROR] DbBoards:189 - Image file not found for board NUCLEO-L552ZE-Q: C:\ST\STM32CubeIDE_1.4.0\STM32CubeIDE\plugins\com.st.stm32cube.common.mx_6.0.0.202007160824\\db\/plugins/mcufinder/images/boards/nucleo_l552ze_q_small.jpg
2023-01-09 20:22:11,749 [ERROR] DbBoards:189 - Image file not found for board NUCLEO-U575ZI-Q: C:\ST\STM32CubeIDE_1.4.0\STM32CubeIDE\plugins\com.st.stm32cube.common.mx_6.0.0.202007160824\\db\/plugins/mcufinder/images/boards/nucleo-u575zi-q_small.jpg
2023-01-09 20:22:11,749 [ERROR] DbBoards:189 - Image file not found for board NUCLEO-WB15CC: C:\ST\STM32CubeIDE_1.4.0\STM32CubeIDE\plugins\com.st.stm32cube.common.mx_6.0.0.202007160824\\db\/plugins/mcufinder/images/boards/nucleo-wb15cc_small.jpg
2023-01-09 20:22:11,749 [ERROR] DbBoards:189 - Image file not found for board NUCLEO-WB55RG: C:\ST\STM32CubeIDE_1.4.0\STM32CubeIDE\plugins\com.st.stm32cube.common.mx_6.0.0.202007160824\\db\/plugins/mcufinder/images/boards/nucleo-wb55rg_small.jpg
2023-01-09 20:22:11,749 [ERROR] DbBoards:189 - Image file not found for board NUCLEO-WL55JC: C:\ST\STM32CubeIDE_1.4.0\STM32CubeIDE\plugins\com.st.stm32cube.common.mx_6.0.0.202007160824\\db\/plugins/mcufinder/images/boards/nucleo-wl55jc-small.jpg
2023-01-09 20:22:12,006 [ERROR] DbBoards:189 - Image file not found for board STEVAL-STWINKT1B: C:\ST\STM32CubeIDE_1.4.0\STM32CubeIDE\plugins\com.st.stm32cube.common.mx_6.0.0.202007160824\\db\/plugins/mcufinder/images/boards/steval-stwinkt1b_small.jpg
2023-01-09 20:22:12,645 [ERROR] DbBoards:189 - Image file not found for board STM32G0C1E-EV: C:\ST\STM32CubeIDE_1.4.0\STM32CubeIDE\plugins\com.st.stm32cube.common.mx_6.0.0.202007160824\\db\/plugins/mcufinder/images/boards/stm32g0c1e-eval_small.jpg
2023-01-09 20:22:12,811 [ERROR] DbBoards:189 - Image file not found for board STM32H7B3I-EVAL: C:\ST\STM32CubeIDE_1.4.0\STM32CubeIDE\plugins\com.st.stm32cube.common.mx_6.0.0.202007160824\\db\/plugins/mcufinder/images/boards/stm32h7b3ieval_small.jpg
2023-01-09 20:22:13,136 [ERROR] DbBoards:189 - Image file not found for board STM32U575I-EV: C:\ST\STM32CubeIDE_1.4.0\STM32CubeIDE\plugins\com.st.stm32cube.common.mx_6.0.0.202007160824\\db\/plugins/mcufinder/images/boards/stm32u575i-ev_small.jpg
2023-01-09 20:22:13,186 [ERROR] DbBoards:189 - Image file not found for board STM32WB5MM-DK: C:\ST\STM32CubeIDE_1.4.0\STM32CubeIDE\plugins\com.st.stm32cube.common.mx_6.0.0.202007160824\\db\/plugins/mcufinder/images/boards/STM32WB5MM-DK_small.jpg
2023-01-09 20:22:13,187 [INFO] ApiDb:192 - User favorites file not found: C:\Users\youssef's/.stm32cubemx/favorites.boards.txt
2023-01-09 20:22:13,187 [INFO] DbBoards:206 - Set 0 / 0 favorites Boards
2023-01-09 20:22:13,190 [INFO] DbBoardsDocs:81 - Found 418 boards documents
2023-01-09 20:22:13,191 [INFO] ApiDb:226 - Save user favorites file C:\Users\youssef's/.stm32cubemx/favorites.boards.txt: 0 item(s)
2023-01-09 20:22:13,192 [INFO] ApiDb:230 - User favorites Boards=[]
2023-01-09 20:22:13,195 [INFO] DbBoardsPdsc:94 - Found 23 items
2023-01-09 20:22:13,196 [INFO] DbBoardsPdsc:94 - Found 9 items
2023-01-09 20:22:13,198 [INFO] DbBoardsPdsc:94 - Found 29 items
2023-01-09 20:22:13,199 [INFO] DbBoardsPdsc:94 - Found 1 items
2023-01-09 20:22:13,206 [INFO] DbBoardsPdsc:94 - Found 44 items
2023-01-09 20:22:13,215 [INFO] DbBoardsPdsc:94 - Found 40 items
2023-01-09 20:22:13,217 [INFO] DbBoardsPdsc:94 - Found 2 items
2023-01-09 20:22:13,219 [INFO] DbBoardsPdsc:94 - Found 4 items
2023-01-09 20:22:13,223 [WARN] DbBoardsPdsc:258 - Board STM32H7B3I-DK: unknown feature type=Audio, name=, username=Audio stereo codec with Headphone Amp (CS42L51-CNZ), n=1
2023-01-09 20:22:13,223 [WARN] DbBoardsPdsc:258 - Board STM32H735G-DK: unknown feature type=Audio, name=, username=Audio stereo codec with Headphone Amp (WM8994ECS/R), n=1
2023-01-09 20:22:13,225 [WARN] DbBoardsPdsc:258 - Board STM32H7B3I-EVAL: unknown feature type=Audio, name=, username=Multi-Channel Audio Codec (CS42L51-CNZ), n=1
2023-01-09 20:22:13,226 [WARN] DbBoardsPdsc:258 - Board STM32H7B3I-EVAL: unknown feature type=Meter, name=, username=Power-metering and Temperature-monitoring with sigma-delta modulators, n=1
2023-01-09 20:22:13,226 [WARN] DbBoardsPdsc:258 - Board STM32H7B3I-EVAL: unknown feature type=Motor, name=, username=Motor Control, n=1
2023-01-09 20:22:13,243 [INFO] DbBoardsJson:85 - JSON generation date=Tue Nov 16 18:17:54 EET 2021 (1637079474)
2023-01-09 20:22:13,249 [INFO] DbBoards:117 - Found 166 boards (149 are supported by CubeMX)
2023-01-09 20:22:13,249 [WARN] DbBoards:127 - board B-L475E-IOT01A2 has no document id list !
2023-01-09 20:22:13,250 [WARN] DbBoards:127 - board NUCLEO-H743ZI has no document id list !
2023-01-09 20:22:13,250 [WARN] DbBoards:127 - board P-NUCLEO-WB55-Nucleo has no document id list !
2023-01-09 20:22:13,250 [WARN] DbBoards:127 - board P-NUCLEO-WB55-USBDongle has no document id list !
2023-01-09 20:22:13,250 [WARN] DbBoards:127 - board STEVAL-BFA001V1B has no document id list !
2023-01-09 20:22:13,250 [WARN] DbBoards:127 - board STEVAL-BFA001V2B has no document id list !
2023-01-09 20:22:13,250 [WARN] DbBoards:127 - board STEVAL-IDP005V1 has no document id list !
2023-01-09 20:22:13,250 [WARN] DbBoards:127 - board STEVAL-IDP005V2 has no document id list !
2023-01-09 20:22:13,251 [WARN] DbBoards:127 - board STEVAL-MKSBOX1V1 has no document id list !
2023-01-09 20:22:13,251 [WARN] DbBoards:127 - board STEVAL-STWINKT1 has no document id list !
2023-01-09 20:22:13,251 [WARN] DbBoards:127 - board STEVAL-STWINKT1B has no document id list !
2023-01-09 20:22:13,251 [WARN] DbBoards:127 - board STM32439I-EVAL2 has no document id list !
2023-01-09 20:22:13,251 [WARN] DbBoards:127 - board STM32F401C-DISCO has no document id list !
2023-01-09 20:22:13,252 [WARN] DbBoards:127 - board STM32F769I-DISC1 has no document id list !
2023-01-09 20:22:13,252 [WARN] DbBoards:127 - board STM32G474E-EVAL1 has no document id list !
2023-01-09 20:22:13,252 [WARN] DbBoards:127 - board STM32H743I-EVAL2 has no document id list !
2023-01-09 20:22:13,252 [WARN] DbBoards:127 - board STM32H747I-DISC1 has no document id list !
2023-01-09 20:22:13,252 [WARN] DbBoards:127 - board STM32H753I-EVAL2 has no document id list !
2023-01-09 20:22:13,252 [WARN] DbBoards:127 - board STM32L-DISCOVERY has no document id list !
2023-01-09 20:22:13,288 [ERROR] DbBoards:189 - Image file not found for board B-L462E-CELL1: C:\ST\STM32CubeIDE_1.4.0\STM32CubeIDE\plugins\com.st.stm32cube.common.mx_6.0.0.202007160824\\db\/plugins/mcufinder/images/boards/B-L462E-CELL1_small.jpg
2023-01-09 20:22:13,321 [ERROR] DbBoards:189 - Image file not found for board B-U585I-IOT02A: C:\ST\STM32CubeIDE_1.4.0\STM32CubeIDE\plugins\com.st.stm32cube.common.mx_6.0.0.202007160824\\db\/plugins/mcufinder/images/boards/B-U585I-IOT02A_small.jpg
2023-01-09 20:22:13,398 [ERROR] DbBoards:189 - Image file not found for board NUCLEO-F413ZH: C:\ST\STM32CubeIDE_1.4.0\STM32CubeIDE\plugins\com.st.stm32cube.common.mx_6.0.0.202007160824\\db\/plugins/mcufinder/images/boards/nucleo-f413zh_small.jpg
2023-01-09 20:22:13,586 [ERROR] DbBoards:189 - Image file not found for board NUCLEO-L552ZE-Q: C:\ST\STM32CubeIDE_1.4.0\STM32CubeIDE\plugins\com.st.stm32cube.common.mx_6.0.0.202007160824\\db\/plugins/mcufinder/images/boards/nucleo_l552ze_q_small.jpg
2023-01-09 20:22:13,586 [ERROR] DbBoards:189 - Image file not found for board NUCLEO-U575ZI-Q: C:\ST\STM32CubeIDE_1.4.0\STM32CubeIDE\plugins\com.st.stm32cube.common.mx_6.0.0.202007160824\\db\/plugins/mcufinder/images/boards/nucleo-u575zi-q_small.jpg
2023-01-09 20:22:13,586 [ERROR] DbBoards:189 - Image file not found for board NUCLEO-WB15CC: C:\ST\STM32CubeIDE_1.4.0\STM32CubeIDE\plugins\com.st.stm32cube.common.mx_6.0.0.202007160824\\db\/plugins/mcufinder/images/boards/nucleo-wb15cc_small.jpg
2023-01-09 20:22:13,586 [ERROR] DbBoards:189 - Image file not found for board NUCLEO-WB55RG: C:\ST\STM32CubeIDE_1.4.0\STM32CubeIDE\plugins\com.st.stm32cube.common.mx_6.0.0.202007160824\\db\/plugins/mcufinder/images/boards/nucleo-wb55rg_small.jpg
2023-01-09 20:22:13,587 [ERROR] DbBoards:189 - Image file not found for board NUCLEO-WL55JC: C:\ST\STM32CubeIDE_1.4.0\STM32CubeIDE\plugins\com.st.stm32cube.common.mx_6.0.0.202007160824\\db\/plugins/mcufinder/images/boards/nucleo-wl55jc-small.jpg
2023-01-09 20:22:13,713 [ERROR] DbBoards:189 - Image file not found for board STEVAL-STWINKT1B: C:\ST\STM32CubeIDE_1.4.0\STM32CubeIDE\plugins\com.st.stm32cube.common.mx_6.0.0.202007160824\\db\/plugins/mcufinder/images/boards/steval-stwinkt1b_small.jpg
2023-01-09 20:22:13,978 [ERROR] DbBoards:189 - Image file not found for board STM32G0C1E-EV: C:\ST\STM32CubeIDE_1.4.0\STM32CubeIDE\plugins\com.st.stm32cube.common.mx_6.0.0.202007160824\\db\/plugins/mcufinder/images/boards/stm32g0c1e-eval_small.jpg
2023-01-09 20:22:14,061 [ERROR] DbBoards:189 - Image file not found for board STM32H7B3I-EVAL: C:\ST\STM32CubeIDE_1.4.0\STM32CubeIDE\plugins\com.st.stm32cube.common.mx_6.0.0.202007160824\\db\/plugins/mcufinder/images/boards/stm32h7b3ieval_small.jpg
2023-01-09 20:22:14,212 [ERROR] DbBoards:189 - Image file not found for board STM32U575I-EV: C:\ST\STM32CubeIDE_1.4.0\STM32CubeIDE\plugins\com.st.stm32cube.common.mx_6.0.0.202007160824\\db\/plugins/mcufinder/images/boards/stm32u575i-ev_small.jpg
2023-01-09 20:22:14,236 [ERROR] DbBoards:189 - Image file not found for board STM32WB5MM-DK: C:\ST\STM32CubeIDE_1.4.0\STM32CubeIDE\plugins\com.st.stm32cube.common.mx_6.0.0.202007160824\\db\/plugins/mcufinder/images/boards/STM32WB5MM-DK_small.jpg
2023-01-09 20:22:14,237 [INFO] ApiDb:201 - Load user favorites file C:\Users\youssef's/.stm32cubemx/favorites.boards.txt: 0 item(s)
2023-01-09 20:22:14,237 [INFO] ApiDb:205 - User favorites Boards=[]
2023-01-09 20:22:14,237 [INFO] DbBoards:206 - Set 0 / 0 favorites Boards
2023-01-09 20:22:14,391 [INFO] DbExamplesSqlite:156 - SQLite db open (C:\Users\youssef's\.stmcufinder\plugins\mcufinder\mcu\cube-finder-db.db)
2023-01-09 20:22:15,193 [INFO] DbExamplesSqlite:447 - Ignored 0 examples not supported by CubeIDE
2023-01-09 20:22:15,194 [INFO] DbExamplesSqlite:448 - Found 6221 examples active
2023-01-09 20:22:15,194 [INFO] DbExamplesSqlite:449 - Found 276 examples obsolete
2023-01-09 20:22:15,194 [INFO] DbExamplesSqlite:450 - Found 0 examples under development
2023-01-09 20:22:15,194 [INFO] DbExamplesSqlite:451 - Found 76 examples not building
2023-01-09 20:22:15,272 [INFO] DbExamplesSqlite:130 - SQLite Data Model version=2.1
2023-01-09 20:22:15,272 [INFO] DbExamplesSqlite:131 - SQLite Configuration version=3.0.35
2023-01-09 20:22:15,272 [INFO] DbExamplesSqlite:132 - SQLite generation date=2022-12-20 (1671519758)
2023-01-09 20:22:15,272 [INFO] DbExamplesSqlite:133 - SQLite FW Pack versions=[FP-ATR-ASTRA1_V1.1.1, STM32Cube_FW_C0_V1.0.0, STM32Cube_FW_F4_V1.27.1, STM32Cube_FW_F7_V1.17.0, STM32Cube_FW_G0_V1.6.1, STM32Cube_FW_G4_V1.5.0, STM32Cube_FW_H5_V0.5.1, STM32Cube_FW_H7_V1.11.0, STM32Cube_FW_L5_V1.5.0, STM32Cube_FW_U5_V1.1.1, STM32Cube_FW_WBA_V0.2.0, STM32Cube_FW_WB_V1.15.0, STM32Cube_FW_WB_V1.15.0RC1, STM32Cube_FW_WL_V1.3.0, X-CUBE-ALGOBUILD_V1.3.0, X-CUBE-ALS_V1.0.1, X-CUBE-AZRTOS-F4_V1.1.0, X-CUBE-AZRTOS-F7_V1.1.0, X-CUBE-AZRTOS-G0_V1.1.0, X-CUBE-AZRTOS-G4_V1.0.0, X-CUBE-AZRTOS-H7_V2.1.0, X-CUBE-AZRTOS-L4_V1.0.0, X-CUBE-AZRTOS-L5_V1.0.0, X-CUBE-AZRTOS-WL_V1.0.0, X-CUBE-BLE1_V6.2.4, X-CUBE-BLE2_V3.3.0, X-CUBE-BLEMGR_V1.3.0, X-CUBE-EEPRMA1_V4.1.0, X-CUBE-GNSS1_V6.0.0, X-CUBE-MEMS1_V9.1.0, X-CUBE-MEMS1_V9.3.0, X-CUBE-MEMS1_V9.4.0, X-CUBE-NFC4_V2.0.5, X-CUBE-NFC7_V1.0.0, X-CUBE-SFXS2LP1_V4.0.0, X-CUBE-SUBG2_V5.0.0]
2023-01-09 20:22:15,273 [INFO] DbExamples:123 - Found 6297 examples
2023-01-09 20:22:15,716 [ERROR] DbExamples:199 - Found 6297 examples with invalid data (board or MCU)
2023-01-09 20:22:15,716 [INFO] DbExamples:215 - Found 72 boards with related examples
2023-01-09 20:22:15,716 [INFO] DbExamples:228 - Found 0 MCUs with related examples
2023-01-09 20:22:15,738 [INFO] ApiDb:192 - User favorites file not found: C:\Users\youssef's/.stm32cubemx/favorites.examples.txt
2023-01-09 20:22:15,738 [INFO] DbExamples:249 - Set 0 / 0 favorites Examples
2023-01-09 20:22:16,026 [INFO] McuFinderGlobals:40 - Set McuFinder mode to 2 (CubeIDE integrated)
2023-01-09 20:22:16,355 [INFO] CrossSelectorPresenter:1330 - Cross Selector saved comparison directory: C:\Users\youssef's\.stmcufinder\plugins\mcufinder\mcu\cs_comparisons_mx
2023-01-09 20:22:16,362 [INFO] MultiScanPanel:193 - Auto-refresh data requested => check proxy status ongoing
2023-01-09 20:22:16,364 [INFO] FinderPluginLoader:87 - Searching for filters in installed packs
2023-01-09 20:22:18,801 [INFO] ServerAccessManage:348 - Download File 
2023-01-09 20:22:19,164 [INFO] LoadUrlFilesThread:162 - End of LoadServerUrlFiles without Thread
2023-01-09 20:22:19,169 [INFO] DetailPanel:331 - Set advertising image to C:/Users/youssef's/STM32Cube/Repository/\stm32cubemx-promo_image.jpg
2023-01-09 20:22:19,544 [INFO] McuFilterPanel:245 - Update 0 favorites MCUs
2023-01-09 20:28:21,598 [INFO] LogOutputStream:76 - [STDOUT_REDIRECT] withoutVersionV1.8.4
2023-01-09 20:28:21,599 [INFO] LogOutputStream:76 - [STDOUT_REDIRECT] withoutVersionV1.8.3
2023-01-09 20:28:21,599 [INFO] LogOutputStream:76 - [STDOUT_REDIRECT] withoutVersionV1.8.2
2023-01-09 20:28:21,600 [INFO] LogOutputStream:76 - [STDOUT_REDIRECT] withoutVersionV1.8.1
2023-01-09 20:28:21,600 [INFO] LogOutputStream:76 - [STDOUT_REDIRECT] withoutVersionV1.8.0
2023-01-09 20:28:28,415 [INFO] ApiDb:226 - Save user favorites file C:\Users\youssef's/.stm32cubeide/favorites.mcus.txt: 0 item(s)
2023-01-09 20:28:28,416 [INFO] ApiDb:230 - User favorites MCUs=[]
2023-01-09 21:03:48,599 [INFO] Activator:178 - 


2023-01-09 21:03:48,603 [INFO] Activator:179 - !SESSION log4j initialized
2023-01-09 21:04:03,348 [INFO] RetryExec:97 - I/O exception (org.apache.http.NoHttpResponseException) caught when processing request to {s}->https://download.eclipse.org:443: The target server failed to respond
2023-01-09 21:04:03,350 [INFO] RetryExec:113 - Retrying request to {s}->https://download.eclipse.org:443
2023-01-09 21:04:04,235 [INFO] RetryExec:97 - I/O exception (org.apache.http.NoHttpResponseException) caught when processing request to {s}->https://archive.eclipse.org:443: The target server failed to respond
2023-01-09 21:04:04,235 [INFO] RetryExec:113 - Retrying request to {s}->https://archive.eclipse.org:443
2023-01-09 21:04:05,145 [INFO] RetryExec:97 - I/O exception (org.apache.http.NoHttpResponseException) caught when processing request to {s}->https://download.eclipse.org:443: The target server failed to respond
2023-01-09 21:04:05,145 [INFO] RetryExec:113 - Retrying request to {s}->https://download.eclipse.org:443
